<?xml version="1.0" encoding="UTF-8"?>
<testng-results ignored="0" total="1" passed="1" failed="0" skipped="0">
  <reporter-output>
  </reporter-output>
  <suite started-at="2024-01-22T00:38:35 GMT-08:00" name="Default suite" finished-at="2024-01-22T00:39:14 GMT-08:00" duration-ms="38812">
    <groups>
    </groups>
    <test started-at="2024-01-22T00:38:35 GMT-08:00" name="Default test" finished-at="2024-01-22T00:39:14 GMT-08:00" duration-ms="38812">
      <class name="Com.Thrucare.com.TestCases.Patient_Tc_01_Registration">
        <test-method signature="RegistrationDone_when_clickOn_signIn_SignUp()[pri:0, instance:Com.Thrucare.com.TestCases.Patient_Tc_01_Registration@4f936da8]" started-at="2024-01-22T00:38:35 GMT-08:00" name="RegistrationDone_when_clickOn_signIn_SignUp" finished-at="2024-01-22T00:39:14 GMT-08:00" duration-ms="38696" status="PASS">
          <reporter-output>
          </reporter-output>
        </test-method> <!-- RegistrationDone_when_clickOn_signIn_SignUp -->
      </class> <!-- Com.Thrucare.com.TestCases.Patient_Tc_01_Registration -->
    </test> <!-- Default test -->
  </suite> <!-- Default suite -->
</testng-results>
